<?xml version="1.0" encoding="UTF-8"?>
<!-- Generated by org.testng.reporters.JUnitXMLReporter -->
<testsuite hostname="fuken404" failures="6" tests="6" name="Surefire test" time="0.047" errors="0" timestamp="15 Oct 2021 02:59:02 GMT">
  <testcase classname="com.usa.app.g24.rentas.model.GamaNGTest" name="testGetDescription" time="0.005">
    <failure type="java.lang.AssertionError" message="expected [] but found [null]">
      <![CDATA[java.lang.AssertionError: expected [] but found [null]
	at com.usa.app.g24.rentas.model.GamaNGTest.testGetDescription(GamaNGTest.java:98)
... Removed 34 stack frames]]>
    </failure>
  </testcase> <!-- testGetDescription -->
  <testcase classname="com.usa.app.g24.rentas.model.GamaNGTest" name="testGetIdGama" time="0.0">
    <failure type="java.lang.AssertionError" message="The test case is a prototype.">
      <![CDATA[java.lang.AssertionError: The test case is a prototype.
	at com.usa.app.g24.rentas.model.GamaNGTest.testGetIdGama(GamaNGTest.java:46)
... Removed 30 stack frames]]>
    </failure>
  </testcase> <!-- testGetIdGama -->
  <testcase classname="com.usa.app.g24.rentas.model.GamaNGTest" name="testGetName" time="0.0">
    <failure type="java.lang.AssertionError" message="expected [] but found [null]">
      <![CDATA[java.lang.AssertionError: expected [] but found [null]
	at com.usa.app.g24.rentas.model.GamaNGTest.testGetName(GamaNGTest.java:71)
... Removed 34 stack frames]]>
    </failure>
  </testcase> <!-- testGetName -->
  <testcase classname="com.usa.app.g24.rentas.model.GamaNGTest" name="testSetDescription" time="0.0">
    <failure type="java.lang.AssertionError" message="The test case is a prototype.">
      <![CDATA[java.lang.AssertionError: The test case is a prototype.
	at com.usa.app.g24.rentas.model.GamaNGTest.testSetDescription(GamaNGTest.java:113)
... Removed 30 stack frames]]>
    </failure>
  </testcase> <!-- testSetDescription -->
  <testcase classname="com.usa.app.g24.rentas.model.GamaNGTest" name="testSetIdGama" time="0.001">
    <failure type="java.lang.AssertionError" message="The test case is a prototype.">
      <![CDATA[java.lang.AssertionError: The test case is a prototype.
	at com.usa.app.g24.rentas.model.GamaNGTest.testSetIdGama(GamaNGTest.java:59)
... Removed 30 stack frames]]>
    </failure>
  </testcase> <!-- testSetIdGama -->
  <testcase classname="com.usa.app.g24.rentas.model.GamaNGTest" name="testSetName" time="0.0">
    <failure type="java.lang.AssertionError" message="The test case is a prototype.">
      <![CDATA[java.lang.AssertionError: The test case is a prototype.
	at com.usa.app.g24.rentas.model.GamaNGTest.testSetName(GamaNGTest.java:86)
... Removed 30 stack frames]]>
    </failure>
  </testcase> <!-- testSetName -->
</testsuite> <!-- Surefire test -->
